<?xml version="1.0" encoding="UTF-8"?>
<testng-results ignored="0" total="1" passed="1" failed="0" skipped="0">
  <reporter-output>
  </reporter-output>
  <suite started-at="2021-12-09T22:02:45 IST" name="Default suite" finished-at="2021-12-09T22:03:14 IST" duration-ms="28719">
    <groups>
    </groups>
    <test started-at="2021-12-09T22:02:45 IST" name="Default test" finished-at="2021-12-09T22:03:14 IST" duration-ms="28719">
      <class name="tests.ReserveBooking">
        <test-method is-config="true" signature="beforeMethod()[pri:0, instance:tests.ReserveBooking@7c24b813]" started-at="2021-12-09T22:02:45 IST" name="beforeMethod" finished-at="2021-12-09T22:03:09 IST" duration-ms="23210" status="PASS">
          <reporter-output>
          </reporter-output>
        </test-method> <!-- beforeMethod -->
        <test-method signature="VerifyBookFlight()[pri:0, instance:tests.ReserveBooking@7c24b813]" started-at="2021-12-09T22:03:09 IST" name="VerifyBookFlight" finished-at="2021-12-09T22:03:14 IST" duration-ms="5372" status="PASS">
          <reporter-output>
          </reporter-output>
        </test-method> <!-- VerifyBookFlight -->
      </class> <!-- tests.ReserveBooking -->
    </test> <!-- Default test -->
  </suite> <!-- Default suite -->
</testng-results>
